This is pdfTeX, Version 3.141592653-2.6-1.40.28 (TeX Live 2025) (preloaded format=pdflatex 2025.9.16)  14 JAN 2026 13:28
entering extended mode
 restricted \write18 enabled.
 %&-line parsing enabled.
**SAFE_snow_gmacs.tex
(./SAFE_snow_gmacs.tex
LaTeX2e <2025-06-01> patch level 1
L3 programming layer <2025-08-13>
(c:/Users/cody.szuwalski/AppData/Roaming/TinyTeX/texmf-dist/tex/latex/base/article.cls
Document Class: article 2025/01/22 v1.4n Standard LaTeX document class
(c:/Users/cody.szuwalski/AppData/Roaming/TinyTeX/texmf-dist/tex/latex/base/size10.clo
File: size10.clo 2025/01/22 v1.4n Standard LaTeX file (size option)
)
\c@part=\count275
\c@section=\count276
\c@subsection=\count277
\c@subsubsection=\count278
\c@paragraph=\count279
\c@subparagraph=\count280
\c@figure=\count281
\c@table=\count282
\abovecaptionskip=\skip49
\belowcaptionskip=\skip50
\bibindent=\dimen148
) (c:/Users/cody.szuwalski/AppData/Roaming/TinyTeX/texmf-dist/tex/latex/amsmath/amsmath.sty
Package: amsmath 2025/06/16 v2.17y AMS math features
\@mathmargin=\skip51
For additional information on amsmath, use the `?' option.
(c:/Users/cody.szuwalski/AppData/Roaming/TinyTeX/texmf-dist/tex/latex/amsmath/amstext.sty
Package: amstext 2024/11/17 v2.01 AMS text
(c:/Users/cody.szuwalski/AppData/Roaming/TinyTeX/texmf-dist/tex/latex/amsmath/amsgen.sty
File: amsgen.sty 1999/11/30 v2.0 generic functions
\@emptytoks=\toks17
\ex@=\dimen149
)) (c:/Users/cody.szuwalski/AppData/Roaming/TinyTeX/texmf-dist/tex/latex/amsmath/amsbsy.sty
Package: amsbsy 1999/11/29 v1.2d Bold Symbols
\pmbraise@=\dimen150
) (c:/Users/cody.szuwalski/AppData/Roaming/TinyTeX/texmf-dist/tex/latex/amsmath/amsopn.sty
Package: amsopn 2022/04/08 v2.04 operator names
)
\inf@bad=\count283
LaTeX Info: Redefining \frac on input line 233.
\uproot@=\count284
\leftroot@=\count285
LaTeX Info: Redefining \overline on input line 398.
LaTeX Info: Redefining \colon on input line 409.
\classnum@=\count286
\DOTSCASE@=\count287
LaTeX Info: Redefining \ldots on input line 495.
LaTeX Info: Redefining \dots on input line 498.
LaTeX Info: Redefining \cdots on input line 619.
\Mathstrutbox@=\box53
\strutbox@=\box54
LaTeX Info: Redefining \big on input line 721.
LaTeX Info: Redefining \Big on input line 722.
LaTeX Info: Redefining \bigg on input line 723.
LaTeX Info: Redefining \Bigg on input line 724.
\big@size=\dimen151
LaTeX Font Info:    Redeclaring font encoding OML on input line 742.
LaTeX Font Info:    Redeclaring font encoding OMS on input line 743.
\macc@depth=\count288
LaTeX Info: Redefining \bmod on input line 904.
LaTeX Info: Redefining \pmod on input line 909.
LaTeX Info: Redefining \smash on input line 939.
LaTeX Info: Redefining \relbar on input line 969.
LaTeX Info: Redefining \Relbar on input line 970.
\c@MaxMatrixCols=\count289
\dotsspace@=\muskip17
\c@parentequation=\count290
\dspbrk@lvl=\count291
\tag@help=\toks18
\row@=\count292
\column@=\count293
\maxfields@=\count294
\andhelp@=\toks19
\eqnshift@=\dimen152
\alignsep@=\dimen153
\tagshift@=\dimen154
\tagwidth@=\dimen155
\totwidth@=\dimen156
\lineht@=\dimen157
\@envbody=\toks20
\multlinegap=\skip52
\multlinetaggap=\skip53
\mathdisplay@stack=\toks21
LaTeX Info: Redefining \[ on input line 2949.
LaTeX Info: Redefining \] on input line 2950.
) (c:/Users/cody.szuwalski/AppData/Roaming/TinyTeX/texmf-dist/tex/latex/amsfonts/amssymb.sty
Package: amssymb 2013/01/14 v3.01 AMS font symbols
(c:/Users/cody.szuwalski/AppData/Roaming/TinyTeX/texmf-dist/tex/latex/amsfonts/amsfonts.sty
Package: amsfonts 2013/01/14 v3.01 Basic AMSFonts support
\symAMSa=\mathgroup4
\symAMSb=\mathgroup5
LaTeX Font Info:    Redeclaring math symbol \hbar on input line 98.
LaTeX Font Info:    Overwriting math alphabet `\mathfrak' in version `bold'
(Font)                  U/euf/m/n --> U/euf/b/n on input line 106.
)) (c:/Users/cody.szuwalski/AppData/Roaming/TinyTeX/texmf-dist/tex/latex/lm/lmodern.sty
Package: lmodern 2015/05/01 v1.6.1 Latin Modern Fonts
LaTeX Font Info:    Overwriting symbol font `operators' in version `normal'
(Font)                  OT1/cmr/m/n --> OT1/lmr/m/n on input line 22.
LaTeX Font Info:    Overwriting symbol font `letters' in version `normal'
(Font)                  OML/cmm/m/it --> OML/lmm/m/it on input line 23.
LaTeX Font Info:    Overwriting symbol font `symbols' in version `normal'
(Font)                  OMS/cmsy/m/n --> OMS/lmsy/m/n on input line 24.
LaTeX Font Info:    Overwriting symbol font `largesymbols' in version `normal'
(Font)                  OMX/cmex/m/n --> OMX/lmex/m/n on input line 25.
LaTeX Font Info:    Overwriting symbol font `operators' in version `bold'
(Font)                  OT1/cmr/bx/n --> OT1/lmr/bx/n on input line 26.
LaTeX Font Info:    Overwriting symbol font `letters' in version `bold'
(Font)                  OML/cmm/b/it --> OML/lmm/b/it on input line 27.
LaTeX Font Info:    Overwriting symbol font `symbols' in version `bold'
(Font)                  OMS/cmsy/b/n --> OMS/lmsy/b/n on input line 28.
LaTeX Font Info:    Overwriting symbol font `largesymbols' in version `bold'
(Font)                  OMX/cmex/m/n --> OMX/lmex/m/n on input line 29.
LaTeX Font Info:    Overwriting math alphabet `\mathbf' in version `normal'
(Font)                  OT1/cmr/bx/n --> OT1/lmr/bx/n on input line 31.
LaTeX Font Info:    Overwriting math alphabet `\mathsf' in version `normal'
(Font)                  OT1/cmss/m/n --> OT1/lmss/m/n on input line 32.
LaTeX Font Info:    Overwriting math alphabet `\mathit' in version `normal'
(Font)                  OT1/cmr/m/it --> OT1/lmr/m/it on input line 33.
LaTeX Font Info:    Overwriting math alphabet `\mathtt' in version `normal'
(Font)                  OT1/cmtt/m/n --> OT1/lmtt/m/n on input line 34.
LaTeX Font Info:    Overwriting math alphabet `\mathbf' in version `bold'
(Font)                  OT1/cmr/bx/n --> OT1/lmr/bx/n on input line 35.
LaTeX Font Info:    Overwriting math alphabet `\mathsf' in version `bold'
(Font)                  OT1/cmss/bx/n --> OT1/lmss/bx/n on input line 36.
LaTeX Font Info:    Overwriting math alphabet `\mathit' in version `bold'
(Font)                  OT1/cmr/bx/it --> OT1/lmr/bx/it on input line 37.
LaTeX Font Info:    Overwriting math alphabet `\mathtt' in version `bold'
(Font)                  OT1/cmtt/m/n --> OT1/lmtt/m/n on input line 38.
) (c:/Users/cody.szuwalski/AppData/Roaming/TinyTeX/texmf-dist/tex/generic/iftex/iftex.sty
Package: iftex 2024/12/12 v1.0g TeX engine tests
) (c:/Users/cody.szuwalski/AppData/Roaming/TinyTeX/texmf-dist/tex/latex/base/fontenc.sty
Package: fontenc 2024/12/21 v2.1c Standard LaTeX package
LaTeX Font Info:    Trying to load font information for T1+lmr on input line 116.
(c:/Users/cody.szuwalski/AppData/Roaming/TinyTeX/texmf-dist/tex/latex/lm/t1lmr.fd
File: t1lmr.fd 2015/05/01 v1.6.1 Font defs for Latin Modern
)) (c:/Users/cody.szuwalski/AppData/Roaming/TinyTeX/texmf-dist/tex/latex/base/inputenc.sty
Package: inputenc 2024/02/08 v1.3d Input encoding file
\inpenc@prehook=\toks22
\inpenc@posthook=\toks23
) (c:/Users/cody.szuwalski/AppData/Roaming/TinyTeX/texmf-dist/tex/latex/base/textcomp.sty
Package: textcomp 2024/04/24 v2.1b Standard LaTeX package
) (c:/Users/cody.szuwalski/AppData/Roaming/TinyTeX/texmf-dist/tex/latex/xcolor/xcolor.sty
Package: xcolor 2024/09/29 v3.02 LaTeX color extensions (UK)
(c:/Users/cody.szuwalski/AppData/Roaming/TinyTeX/texmf-dist/tex/latex/graphics-cfg/color.cfg
File: color.cfg 2016/01/02 v1.6 sample color configuration
)
Package xcolor Info: Driver file: pdftex.def on input line 274.
(c:/Users/cody.szuwalski/AppData/Roaming/TinyTeX/texmf-dist/tex/latex/graphics-def/pdftex.def
File: pdftex.def 2024/04/13 v1.2c Graphics/color driver for pdftex
) (c:/Users/cody.szuwalski/AppData/Roaming/TinyTeX/texmf-dist/tex/latex/graphics/mathcolor.ltx)
Package xcolor Info: Model `cmy' substituted by `cmy0' on input line 1349.
Package xcolor Info: Model `hsb' substituted by `rgb' on input line 1353.
Package xcolor Info: Model `RGB' extended on input line 1365.
Package xcolor Info: Model `HTML' substituted by `rgb' on input line 1367.
Package xcolor Info: Model `Hsb' substituted by `hsb' on input line 1368.
Package xcolor Info: Model `tHsb' substituted by `hsb' on input line 1369.
Package xcolor Info: Model `HSB' substituted by `hsb' on input line 1370.
Package xcolor Info: Model `Gray' substituted by `gray' on input line 1371.
Package xcolor Info: Model `wave' substituted by `hsb' on input line 1372.
) (c:/Users/cody.szuwalski/AppData/Roaming/TinyTeX/texmf-dist/tex/latex/geometry/geometry.sty
Package: geometry 2020/01/02 v5.9 Page Geometry
(c:/Users/cody.szuwalski/AppData/Roaming/TinyTeX/texmf-dist/tex/latex/graphics/keyval.sty
Package: keyval 2022/05/29 v1.15 key=value parser (DPC)
\KV@toks@=\toks24
) (c:/Users/cody.szuwalski/AppData/Roaming/TinyTeX/texmf-dist/tex/generic/iftex/ifvtex.sty
Package: ifvtex 2019/10/25 v1.7 ifvtex legacy package. Use iftex instead.
)
\Gm@cnth=\count295
\Gm@cntv=\count296
\c@Gm@tempcnt=\count297
\Gm@bindingoffset=\dimen158
\Gm@wd@mp=\dimen159
\Gm@odd@mp=\dimen160
\Gm@even@mp=\dimen161
\Gm@layoutwidth=\dimen162
\Gm@layoutheight=\dimen163
\Gm@layouthoffset=\dimen164
\Gm@layoutvoffset=\dimen165
\Gm@dimlist=\toks25
) (c:/Users/cody.szuwalski/AppData/Roaming/TinyTeX/texmf-dist/tex/latex/tools/longtable.sty
Package: longtable 2024-12-18 v4.23 Multi-page Table package (DPC)
\LTleft=\skip54
\LTright=\skip55
\LTpre=\skip56
\LTpost=\skip57
\LTchunksize=\count298
\LTcapwidth=\dimen166
\LT@head=\box55
\LT@firsthead=\box56
\LT@foot=\box57
\LT@lastfoot=\box58
\LT@gbox=\box59
\LT@cols=\count299
\LT@rows=\count300
\c@LT@tables=\count301
\c@LT@chunks=\count302
\LT@p@ftn=\toks26
) (c:/Users/cody.szuwalski/AppData/Roaming/TinyTeX/texmf-dist/tex/latex/booktabs/booktabs.sty
Package: booktabs 2020/01/12 v1.61803398 Publication quality tables
\heavyrulewidth=\dimen167
\lightrulewidth=\dimen168
\cmidrulewidth=\dimen169
\belowrulesep=\dimen170
\belowbottomsep=\dimen171
\aboverulesep=\dimen172
\abovetopsep=\dimen173
\cmidrulesep=\dimen174
\cmidrulekern=\dimen175
\defaultaddspace=\dimen176
\@cmidla=\count303
\@cmidlb=\count304
\@aboverulesep=\dimen177
\@belowrulesep=\dimen178
\@thisruleclass=\count305
\@lastruleclass=\count306
\@thisrulewidth=\dimen179
) (c:/Users/cody.szuwalski/AppData/Roaming/TinyTeX/texmf-dist/tex/latex/tools/array.sty
Package: array 2025/06/08 v2.6j Tabular extension package (FMi)
\col@sep=\dimen180
\ar@mcellbox=\box60
\extrarowheight=\dimen181
\NC@list=\toks27
\extratabsurround=\skip58
\backup@length=\skip59
\ar@cellbox=\box61
) (c:/Users/cody.szuwalski/AppData/Roaming/TinyTeX/texmf-dist/tex/latex/tools/calc.sty
Package: calc 2025/03/01 v4.3b Infix arithmetic (KKT,FJ)
\calc@Acount=\count307
\calc@Bcount=\count308
\calc@Adimen=\dimen182
\calc@Bdimen=\dimen183
\calc@Askip=\skip60
\calc@Bskip=\skip61
LaTeX Info: Redefining \setlength on input line 86.
LaTeX Info: Redefining \addtolength on input line 87.
\calc@Ccount=\count309
\calc@Cskip=\skip62
) (c:/Users/cody.szuwalski/AppData/Roaming/TinyTeX/texmf-dist/tex/latex/etoolbox/etoolbox.sty
Package: etoolbox 2025/02/11 v2.5l e-TeX tools for LaTeX (JAW)
\etb@tempcnta=\count310
) (c:/Users/cody.szuwalski/AppData/Roaming/TinyTeX/texmf-dist/tex/latex/mdwtools/footnote.sty
Package: footnote 1997/01/28 1.13 Save footnotes around boxes
\fn@notes=\box62
\fn@width=\dimen184
) (c:/Users/cody.szuwalski/AppData/Roaming/TinyTeX/texmf-dist/tex/latex/graphics/graphicx.sty
Package: graphicx 2024/12/31 v1.2e Enhanced LaTeX Graphics (DPC,SPQR)
(c:/Users/cody.szuwalski/AppData/Roaming/TinyTeX/texmf-dist/tex/latex/graphics/graphics.sty
Package: graphics 2024/08/06 v1.4g Standard LaTeX Graphics (DPC,SPQR)
(c:/Users/cody.szuwalski/AppData/Roaming/TinyTeX/texmf-dist/tex/latex/graphics/trig.sty
Package: trig 2023/12/02 v1.11 sin cos tan (DPC)
) (c:/Users/cody.szuwalski/AppData/Roaming/TinyTeX/texmf-dist/tex/latex/graphics-cfg/graphics.cfg
File: graphics.cfg 2016/06/04 v1.11 sample graphics configuration
)
Package graphics Info: Driver file: pdftex.def on input line 106.
)
\Gin@req@height=\dimen185
\Gin@req@width=\dimen186
) (c:/Users/cody.szuwalski/AppData/Roaming/TinyTeX/texmf-dist/tex/latex/pdfpages/pdfpages.sty
Package: pdfpages 2025/07/23 v0.6g Insert pages of external PDF documents (AM)
(c:/Users/cody.szuwalski/AppData/Roaming/TinyTeX/texmf-dist/tex/latex/base/ifthen.sty
Package: ifthen 2024/03/16 v1.1e Standard LaTeX ifthen package (DPC)
) (c:/Users/cody.szuwalski/AppData/Roaming/TinyTeX/texmf-dist/tex/latex/eso-pic/eso-pic.sty
Package: eso-pic 2023/05/03 v3.0c eso-pic (RN)
\ESO@tempdima=\dimen187
\ESO@tempdimb=\dimen188
)
\AM@pagewidth=\dimen189
\AM@pageheight=\dimen190
\AM@fboxrule=\dimen191
(c:/Users/cody.szuwalski/AppData/Roaming/TinyTeX/texmf-dist/tex/latex/pdfpages/pppdftex.def
File: pppdftex.def 2025/07/23 v0.6g Pdfpages driver for pdfTeX (AM)
)
\pdfpages@includegraphics@status=\count311
\AM@pagebox=\box63
\AM@global@opts=\toks28
\AM@pagecnt=\count312
\AM@toc@title=\toks29
\AM@lof@heading=\toks30
\c@AM@survey=\count313
\AM@templatesizebox=\box64
) (c:/Users/cody.szuwalski/AppData/Roaming/TinyTeX/texmf-dist/tex/latex/bookmark/bookmark.sty
Package: bookmark 2023-12-10 v1.31 PDF bookmarks (HO)
(c:/Users/cody.szuwalski/AppData/Roaming/TinyTeX/texmf-dist/tex/latex/hyperref/hyperref.sty
Package: hyperref 2025-07-12 v7.01o Hypertext links for LaTeX
(c:/Users/cody.szuwalski/AppData/Roaming/TinyTeX/texmf-dist/tex/latex/kvsetkeys/kvsetkeys.sty
Package: kvsetkeys 2022-10-05 v1.19 Key value parser (HO)
) (c:/Users/cody.szuwalski/AppData/Roaming/TinyTeX/texmf-dist/tex/generic/kvdefinekeys/kvdefinekeys.sty
Package: kvdefinekeys 2019-12-19 v1.6 Define keys (HO)
) (c:/Users/cody.szuwalski/AppData/Roaming/TinyTeX/texmf-dist/tex/generic/pdfescape/pdfescape.sty
Package: pdfescape 2019/12/09 v1.15 Implements pdfTeX's escape features (HO)
(c:/Users/cody.szuwalski/AppData/Roaming/TinyTeX/texmf-dist/tex/generic/ltxcmds/ltxcmds.sty
Package: ltxcmds 2023-12-04 v1.26 LaTeX kernel commands for general use (HO)
) (c:/Users/cody.szuwalski/AppData/Roaming/TinyTeX/texmf-dist/tex/generic/pdftexcmds/pdftexcmds.sty
Package: pdftexcmds 2020-06-27 v0.33 Utility functions of pdfTeX for LuaTeX (HO)
(c:/Users/cody.szuwalski/AppData/Roaming/TinyTeX/texmf-dist/tex/generic/infwarerr/infwarerr.sty
Package: infwarerr 2019/12/03 v1.5 Providing info/warning/error messages (HO)
)
Package pdftexcmds Info: \pdf@primitive is available.
Package pdftexcmds Info: \pdf@ifprimitive is available.
Package pdftexcmds Info: \pdfdraftmode found.
)) (c:/Users/cody.szuwalski/AppData/Roaming/TinyTeX/texmf-dist/tex/latex/hycolor/hycolor.sty
Package: hycolor 2020-01-27 v1.10 Color options for hyperref/bookmark (HO)
) (c:/Users/cody.szuwalski/AppData/Roaming/TinyTeX/texmf-dist/tex/latex/hyperref/nameref.sty
Package: nameref 2025-06-21 v2.57 Cross-referencing by name of section
(c:/Users/cody.szuwalski/AppData/Roaming/TinyTeX/texmf-dist/tex/latex/refcount/refcount.sty
Package: refcount 2019/12/15 v3.6 Data extraction from label references (HO)
) (c:/Users/cody.szuwalski/AppData/Roaming/TinyTeX/texmf-dist/tex/generic/gettitlestring/gettitlestring.sty
Package: gettitlestring 2019/12/15 v1.6 Cleanup title references (HO)
(c:/Users/cody.szuwalski/AppData/Roaming/TinyTeX/texmf-dist/tex/latex/kvoptions/kvoptions.sty
Package: kvoptions 2022-06-15 v3.15 Key value format for package options (HO)
))
\c@section@level=\count314
) (c:/Users/cody.szuwalski/AppData/Roaming/TinyTeX/texmf-dist/tex/generic/stringenc/stringenc.sty
Package: stringenc 2019/11/29 v1.12 Convert strings between diff. encodings (HO)
)
\@linkdim=\dimen192
\Hy@linkcounter=\count315
\Hy@pagecounter=\count316
(c:/Users/cody.szuwalski/AppData/Roaming/TinyTeX/texmf-dist/tex/latex/hyperref/pd1enc.def
File: pd1enc.def 2025-07-12 v7.01o Hyperref: PDFDocEncoding definition (HO)
Now handling font encoding PD1 ...
... no UTF-8 mapping file for font encoding PD1
) (c:/Users/cody.szuwalski/AppData/Roaming/TinyTeX/texmf-dist/tex/generic/intcalc/intcalc.sty
Package: intcalc 2019/12/15 v1.3 Expandable calculations with integers (HO)
)
\Hy@SavedSpaceFactor=\count317
(c:/Users/cody.szuwalski/AppData/Roaming/TinyTeX/texmf-dist/tex/latex/hyperref/puenc.def
File: puenc.def 2025-07-12 v7.01o Hyperref: PDF Unicode definition (HO)
Now handling font encoding PU ...
... no UTF-8 mapping file for font encoding PU
)
Package hyperref Info: Option `unicode' set `true' on input line 4066.
Package hyperref Info: Hyper figures OFF on input line 4195.
Package hyperref Info: Link nesting OFF on input line 4200.
Package hyperref Info: Hyper index ON on input line 4203.
Package hyperref Info: Plain pages OFF on input line 4210.
Package hyperref Info: Backreferencing OFF on input line 4215.
Package hyperref Info: Implicit mode ON; LaTeX internals redefined.
Package hyperref Info: Bookmarks ON on input line 4462.
\c@Hy@tempcnt=\count318
(c:/Users/cody.szuwalski/AppData/Roaming/TinyTeX/texmf-dist/tex/latex/url/url.sty
\Urlmuskip=\muskip18
Package: url 2013/09/16  ver 3.4  Verb mode for urls, etc.
)
LaTeX Info: Redefining \url on input line 4801.
\XeTeXLinkMargin=\dimen193
(c:/Users/cody.szuwalski/AppData/Roaming/TinyTeX/texmf-dist/tex/generic/bitset/bitset.sty
Package: bitset 2019/12/09 v1.3 Handle bit-vector datatype (HO)
(c:/Users/cody.szuwalski/AppData/Roaming/TinyTeX/texmf-dist/tex/generic/bigintcalc/bigintcalc.sty
Package: bigintcalc 2019/12/15 v1.5 Expandable calculations on big integers (HO)
))
\Fld@menulength=\count319
\Field@Width=\dimen194
\Fld@charsize=\dimen195
Package hyperref Info: Hyper figures OFF on input line 6078.
Package hyperref Info: Link nesting OFF on input line 6083.
Package hyperref Info: Hyper index ON on input line 6086.
Package hyperref Info: backreferencing OFF on input line 6093.
Package hyperref Info: Link coloring OFF on input line 6098.
Package hyperref Info: Link coloring with OCG OFF on input line 6103.
Package hyperref Info: PDF/A mode OFF on input line 6108.
\Hy@abspage=\count320
\c@Item=\count321
\c@Hfootnote=\count322
)
Package hyperref Info: Driver (autodetected): hpdftex.
(c:/Users/cody.szuwalski/AppData/Roaming/TinyTeX/texmf-dist/tex/latex/hyperref/hpdftex.def
File: hpdftex.def 2025-07-12 v7.01o Hyperref driver for pdfTeX
\Fld@listcount=\count323
\c@bookmark@seq@number=\count324
(c:/Users/cody.szuwalski/AppData/Roaming/TinyTeX/texmf-dist/tex/latex/rerunfilecheck/rerunfilecheck.sty
Package: rerunfilecheck 2025-06-21 v1.11 Rerun checks for auxiliary files (HO)
(c:/Users/cody.szuwalski/AppData/Roaming/TinyTeX/texmf-dist/tex/generic/uniquecounter/uniquecounter.sty
Package: uniquecounter 2019/12/15 v1.4 Provide unlimited unique counter (HO)
)
Package uniquecounter Info: New unique counter `rerunfilecheck' on input line 284.
)
\Hy@SectionHShift=\skip63
) (c:/Users/cody.szuwalski/AppData/Roaming/TinyTeX/texmf-dist/tex/latex/bookmark/bkm-pdftex.def
File: bkm-pdftex.def 2023-12-10 v1.31 bookmark driver for pdfTeX and luaTeX (HO)
\BKM@id=\count325
)) (c:/Users/cody.szuwalski/AppData/Roaming/TinyTeX/texmf-dist/tex/latex/l3backend/l3backend-pdftex.def
File: l3backend-pdftex.def 2025-06-09 L3 backend support: PDF output (pdfTeX)
\l__color_backend_stack_int=\count326
) (./SAFE_snow_gmacs.aux)
\openout1 = `SAFE_snow_gmacs.aux'.

LaTeX Font Info:    Checking defaults for OML/cmm/m/it on input line 81.
LaTeX Font Info:    ... okay on input line 81.
LaTeX Font Info:    Checking defaults for OMS/cmsy/m/n on input line 81.
LaTeX Font Info:    ... okay on input line 81.
LaTeX Font Info:    Checking defaults for OT1/cmr/m/n on input line 81.
LaTeX Font Info:    ... okay on input line 81.
LaTeX Font Info:    Checking defaults for T1/cmr/m/n on input line 81.
LaTeX Font Info:    ... okay on input line 81.
LaTeX Font Info:    Checking defaults for TS1/cmr/m/n on input line 81.
LaTeX Font Info:    ... okay on input line 81.
LaTeX Font Info:    Checking defaults for OMX/cmex/m/n on input line 81.
LaTeX Font Info:    ... okay on input line 81.
LaTeX Font Info:    Checking defaults for U/cmr/m/n on input line 81.
LaTeX Font Info:    ... okay on input line 81.
LaTeX Font Info:    Checking defaults for PD1/pdf/m/n on input line 81.
LaTeX Font Info:    ... okay on input line 81.
LaTeX Font Info:    Checking defaults for PU/pdf/m/n on input line 81.
LaTeX Font Info:    ... okay on input line 81.
(c:/Users/cody.szuwalski/AppData/Roaming/TinyTeX/texmf-dist/tex/latex/epstopdf-pkg/epstopdf-base.sty
Package: epstopdf-base 2020-01-24 v2.11 Base part for package epstopdf
Package epstopdf-base Info: Redefining graphics rule for `.eps' on input line 485.
(c:/Users/cody.szuwalski/AppData/Roaming/TinyTeX/texmf-dist/tex/latex/latexconfig/epstopdf-sys.cfg
File: epstopdf-sys.cfg 2010/07/13 v1.3 Configuration of (r)epstopdf for TeX Live
))
*geometry* driver: auto-detecting
*geometry* detected driver: pdftex
*geometry* verbose mode - [ preamble ] result:
* driver: pdftex
* paper: <default>
* layout: <same size as paper>
* layoutoffset:(h,v)=(0.0pt,0.0pt)
* modes: 
* h-part:(L,W,R)=(72.26999pt, 469.75502pt, 72.26999pt)
* v-part:(T,H,B)=(72.26999pt, 650.43001pt, 72.26999pt)
* \paperwidth=614.295pt
* \paperheight=794.96999pt
* \textwidth=469.75502pt
* \textheight=650.43001pt
* \oddsidemargin=0.0pt
* \evensidemargin=0.0pt
* \topmargin=-37.0pt
* \headheight=12.0pt
* \headsep=25.0pt
* \topskip=10.0pt
* \footskip=30.0pt
* \marginparwidth=65.0pt
* \marginparsep=11.0pt
* \columnsep=10.0pt
* \skip\footins=9.0pt plus 4.0pt minus 2.0pt
* \hoffset=0.0pt
* \voffset=0.0pt
* \mag=1000
* \@twocolumnfalse
* \@twosidefalse
* \@mparswitchfalse
* \@reversemarginfalse
* (1in=72.27pt=25.4mm, 1cm=28.453pt)

(c:/Users/cody.szuwalski/AppData/Roaming/TinyTeX/texmf-dist/tex/latex/pdflscape/pdflscape.sty
Package: pdflscape 2025-06-23 v0.14 Display of landscape pages in PDF
(c:/Users/cody.szuwalski/AppData/Roaming/TinyTeX/texmf-dist/tex/latex/pdflscape/pdflscape-nometadata.sty
Package: pdflscape-nometadata 2025-06-23 v0.14 Display of landscape pages in PDF (HO)
(c:/Users/cody.szuwalski/AppData/Roaming/TinyTeX/texmf-dist/tex/latex/graphics/lscape.sty
Package: lscape 2020/05/28 v3.02 Landscape Pages (DPC)
)
Package pdflscape Info: Auto-detected driver: pdftex on input line 81.
))
Package hyperref Info: Link coloring OFF on input line 81.
LaTeX Font Info:    Trying to load font information for OT1+lmr on input line 83.
(c:/Users/cody.szuwalski/AppData/Roaming/TinyTeX/texmf-dist/tex/latex/lm/ot1lmr.fd
File: ot1lmr.fd 2015/05/01 v1.6.1 Font defs for Latin Modern
)
LaTeX Font Info:    Trying to load font information for OML+lmm on input line 83.
(c:/Users/cody.szuwalski/AppData/Roaming/TinyTeX/texmf-dist/tex/latex/lm/omllmm.fd
File: omllmm.fd 2015/05/01 v1.6.1 Font defs for Latin Modern
)
LaTeX Font Info:    Trying to load font information for OMS+lmsy on input line 83.
(c:/Users/cody.szuwalski/AppData/Roaming/TinyTeX/texmf-dist/tex/latex/lm/omslmsy.fd
File: omslmsy.fd 2015/05/01 v1.6.1 Font defs for Latin Modern
)
LaTeX Font Info:    Trying to load font information for OMX+lmex on input line 83.
(c:/Users/cody.szuwalski/AppData/Roaming/TinyTeX/texmf-dist/tex/latex/lm/omxlmex.fd
File: omxlmex.fd 2015/05/01 v1.6.1 Font defs for Latin Modern
)
LaTeX Font Info:    External font `lmex10' loaded for size
(Font)              <12> on input line 83.
LaTeX Font Info:    External font `lmex10' loaded for size
(Font)              <8> on input line 83.
LaTeX Font Info:    External font `lmex10' loaded for size
(Font)              <6> on input line 83.
LaTeX Font Info:    Trying to load font information for U+msa on input line 83.
(c:/Users/cody.szuwalski/AppData/Roaming/TinyTeX/texmf-dist/tex/latex/amsfonts/umsa.fd
File: umsa.fd 2013/01/14 v3.01 AMS symbols A
)
LaTeX Font Info:    Trying to load font information for U+msb on input line 83.
(c:/Users/cody.szuwalski/AppData/Roaming/TinyTeX/texmf-dist/tex/latex/amsfonts/umsb.fd
File: umsb.fd 2013/01/14 v3.01 AMS symbols B
) (./SAFE_snow_gmacs.toc
LaTeX Font Info:    External font `lmex10' loaded for size
(Font)              <10> on input line 3.
LaTeX Font Info:    External font `lmex10' loaded for size
(Font)              <7> on input line 3.
LaTeX Font Info:    External font `lmex10' loaded for size
(Font)              <5> on input line 3.
)
\tf@toc=\write3
\openout3 = `SAFE_snow_gmacs.toc'.



[1

{c:/Users/cody.szuwalski/AppData/Roaming/TinyTeX/texmf-var/fonts/map/pdftex/updmap/pdftex.map}{c:/Users/cody.szuwalski/AppData/Roaming/TinyTeX/texmf-dist/fonts/enc/dvips/lm/lm-ec.enc}] (./SAFE_snow_gmacs.lot)
\tf@lot=\write4
\openout4 = `SAFE_snow_gmacs.lot'.



[2] (./SAFE_snow_gmacs.lof)
\tf@lof=\write5
\openout5 = `SAFE_snow_gmacs.lof'.



[3]

[4]

[5]
LaTeX Font Info:    Trying to load font information for TS1+lmr on input line 131.
(c:/Users/cody.szuwalski/AppData/Roaming/TinyTeX/texmf-dist/tex/latex/lm/ts1lmr.fd
File: ts1lmr.fd 2015/05/01 v1.6.1 Font defs for Latin Modern
)

[6{c:/Users/cody.szuwalski/AppData/Roaming/TinyTeX/texmf-dist/fonts/enc/dvips/lm/lm-ts1.enc}]

LaTeX Warning: Reference `jitter' on page 7 undefined on input line 231.


LaTeX Warning: Reference `jitter95' on page 7 undefined on input line 234.


LaTeX Warning: Reference `jitt_rec' on page 7 undefined on input line 237.



[7]

LaTeX Warning: Reference `hist_mmb' on page 8 undefined on input line 346.



[8]

LaTeX Warning: Reference `tier4' on page 9 undefined on input line 425.



[9{c:/Users/cody.szuwalski/AppData/Roaming/TinyTeX/texmf-dist/fonts/enc/dvips/lm/lm-mathit.enc}{c:/Users/cody.szuwalski/AppData/Roaming/TinyTeX/texmf-dist/fonts/enc/dvips/lm/lm-rm.enc}{c:/Users/cody.szuwalski/AppData/Roaming/TinyTeX/texmf-dist/fonts/enc/dvips/lm/lm-mathex.enc}{c:/Users/cody.szuwalski/AppData/Roaming/TinyTeX/texmf-dist/fonts/enc/dvips/lm/lm-mathsy.enc}]

[10]

[11]
Underfull \hbox (badness 1622) in paragraph at lines 487--489
[]\T1/lmr/m/n/10 Fournier, D.A. and C.P. Archibald. 1982. A gen-eral the-ory for an-a-lyz-ing catch-at-age data.
 []



[12]

[13]

[14]

[15] [16] [17] [18] [19] [20] [21]

[22]

[23]

[24]
Overfull \hbox (3.06616pt too wide) in paragraph at lines 1228--1229
 []\T1/lmr/m/n/10 Survey 
 []


Overfull \hbox (1.70541pt too wide) in paragraph at lines 1232--1233
 []\T1/lmr/m/n/10 MMB 
 []


Overfull \hbox (16.23279pt too wide) in paragraph at lines 1234--1235
 []\T1/lmr/m/n/10 MMB_95 
 []


Overfull \hbox (18.29219pt too wide) in paragraph at lines 1236--1237
 []\T1/lmr/m/n/10 MMB_101 
 []


Overfull \hbox (16.65196pt too wide) in paragraph at lines 1238--1239
 []\T1/lmr/m/n/10 Abund_101 
 []


Overfull \hbox (13.4312pt too wide) in paragraph at lines 1240--1241
 []\T1/lmr/m/n/10 FMB_tot 
 []


Overfull \hbox (16.0702pt too wide) in paragraph at lines 1242--1243
 []\T1/lmr/m/n/10 MMB_tot 
 []


Overfull \hbox (24.65236pt too wide) in paragraph at lines 1244--1245
 []\T1/lmr/m/n/10 MMB_95_tot 
 []


Overfull \hbox (26.71176pt too wide) in paragraph at lines 1246--1247
 []\T1/lmr/m/n/10 MMB_101_tot 
 []


Overfull \hbox (20.54414pt too wide) in paragraph at lines 1248--1249
 []\T1/lmr/m/n/10 abund_95_tot 
 []


Overfull \hbox (3.06616pt too wide) in paragraph at lines 1254--1255
 []\T1/lmr/m/n/10 Survey 
 []


Overfull \hbox (1.70541pt too wide) in paragraph at lines 1258--1259
 []\T1/lmr/m/n/10 MMB 
 []


Overfull \hbox (16.23279pt too wide) in paragraph at lines 1260--1261
 []\T1/lmr/m/n/10 MMB_95 
 []


Overfull \hbox (18.29219pt too wide) in paragraph at lines 1262--1263
 []\T1/lmr/m/n/10 MMB_101 
 []


Overfull \hbox (16.65196pt too wide) in paragraph at lines 1264--1265
 []\T1/lmr/m/n/10 Abund_101 
 []


Overfull \hbox (13.4312pt too wide) in paragraph at lines 1266--1267
 []\T1/lmr/m/n/10 FMB_tot 
 []


Overfull \hbox (16.0702pt too wide) in paragraph at lines 1268--1269
 []\T1/lmr/m/n/10 MMB_tot 
 []


Overfull \hbox (24.65236pt too wide) in paragraph at lines 1270--1271
 []\T1/lmr/m/n/10 MMB_95_tot 
 []


Overfull \hbox (26.71176pt too wide) in paragraph at lines 1272--1273
 []\T1/lmr/m/n/10 MMB_101_tot 
 []


Overfull \hbox (20.54414pt too wide) in paragraph at lines 1274--1275
 []\T1/lmr/m/n/10 abund_95_tot 
 []



[25]

[26]

[27]
<SAFE_snow_gmacs_files/figure-latex/unnamed-chunk-13-1.pdf, id=309, 614.295pt x 578.16pt>
File: SAFE_snow_gmacs_files/figure-latex/unnamed-chunk-13-1.pdf Graphic file (type pdf)
<use SAFE_snow_gmacs_files/figure-latex/unnamed-chunk-13-1.pdf>
Package pdftex.def Info: SAFE_snow_gmacs_files/figure-latex/unnamed-chunk-13-1.pdf  used on input line 1527.
(pdftex.def)             Requested size: 469.75604pt x 442.12334pt.


[28 <./SAFE_snow_gmacs_files/figure-latex/unnamed-chunk-13-1.pdf>]
<SAFE_snow_gmacs_files/figure-latex/unnamed-chunk-14-1.pdf, id=319, 578.16pt x 433.62pt>
File: SAFE_snow_gmacs_files/figure-latex/unnamed-chunk-14-1.pdf Graphic file (type pdf)
<use SAFE_snow_gmacs_files/figure-latex/unnamed-chunk-14-1.pdf>
Package pdftex.def Info: SAFE_snow_gmacs_files/figure-latex/unnamed-chunk-14-1.pdf  used on input line 1538.
(pdftex.def)             Requested size: 469.75385pt x 352.31538pt.


[29 <./SAFE_snow_gmacs_files/figure-latex/unnamed-chunk-14-1.pdf>]
<SAFE_snow_gmacs_files/figure-latex/unnamed-chunk-15-1.pdf, id=329, 578.16pt x 578.16pt>
File: SAFE_snow_gmacs_files/figure-latex/unnamed-chunk-15-1.pdf Graphic file (type pdf)
<use SAFE_snow_gmacs_files/figure-latex/unnamed-chunk-15-1.pdf>
Package pdftex.def Info: SAFE_snow_gmacs_files/figure-latex/unnamed-chunk-15-1.pdf  used on input line 1548.
(pdftex.def)             Requested size: 469.75385pt x 469.75385pt.


[30 <./SAFE_snow_gmacs_files/figure-latex/unnamed-chunk-15-1.pdf>]
<plots/size_comp_1.png, id=339, 578.16pt x 578.16pt>
File: plots/size_comp_1.png Graphic file (type png)
<use plots/size_comp_1.png>
Package pdftex.def Info: plots/size_comp_1.png  used on input line 1555.
(pdftex.def)             Requested size: 469.75385pt x 469.75385pt.


[31 <./plots/size_comp_1.png>]
<plots/size_comp_2.png, id=346, 578.16pt x 578.16pt>
File: plots/size_comp_2.png Graphic file (type png)
<use plots/size_comp_2.png>
Package pdftex.def Info: plots/size_comp_2.png  used on input line 1561.
(pdftex.def)             Requested size: 469.75385pt x 469.75385pt.


[32 <./plots/size_comp_2.png>]
<plots/size_comp_3.png, id=352, 578.16pt x 578.16pt>
File: plots/size_comp_3.png Graphic file (type png)
<use plots/size_comp_3.png>
Package pdftex.def Info: plots/size_comp_3.png  used on input line 1567.
(pdftex.def)             Requested size: 469.75385pt x 469.75385pt.


[33 <./plots/size_comp_3.png>]
<plots/size_comp_4.png, id=358, 578.16pt x 578.16pt>
File: plots/size_comp_4.png Graphic file (type png)
<use plots/size_comp_4.png>
Package pdftex.def Info: plots/size_comp_4.png  used on input line 1573.
(pdftex.def)             Requested size: 469.75385pt x 469.75385pt.


[34 <./plots/size_comp_4.png>]
<plots/size_comp_5.png, id=364, 578.16pt x 578.16pt>
File: plots/size_comp_5.png Graphic file (type png)
<use plots/size_comp_5.png>
Package pdftex.def Info: plots/size_comp_5.png  used on input line 1579.
(pdftex.def)             Requested size: 469.75385pt x 469.75385pt.


[35 <./plots/size_comp_5.png>]
<plots/size_comp_6.png, id=370, 578.16pt x 578.16pt>
File: plots/size_comp_6.png Graphic file (type png)
<use plots/size_comp_6.png>
Package pdftex.def Info: plots/size_comp_6.png  used on input line 1585.
(pdftex.def)             Requested size: 469.75385pt x 469.75385pt.


[36 <./plots/size_comp_6.png>]
<plots/size_comp_8.png, id=376, 578.16pt x 578.16pt>
File: plots/size_comp_8.png Graphic file (type png)
<use plots/size_comp_8.png>
Package pdftex.def Info: plots/size_comp_8.png  used on input line 1591.
(pdftex.def)             Requested size: 469.75385pt x 469.75385pt.


[37 <./plots/size_comp_8.png>]
<plots/size_comp_7.png, id=383, 578.16pt x 578.16pt>
File: plots/size_comp_7.png Graphic file (type png)
<use plots/size_comp_7.png>
Package pdftex.def Info: plots/size_comp_7.png  used on input line 1597.
(pdftex.def)             Requested size: 469.75385pt x 469.75385pt.


[38 <./plots/size_comp_7.png>]
<plots/size_comp_9.png, id=389, 578.16pt x 578.16pt>
File: plots/size_comp_9.png Graphic file (type png)
<use plots/size_comp_9.png>
Package pdftex.def Info: plots/size_comp_9.png  used on input line 1603.
(pdftex.def)             Requested size: 469.75385pt x 469.75385pt.


[39 <./plots/size_comp_9.png>]
<plots/size_comp_10.png, id=395, 578.16pt x 578.16pt>
File: plots/size_comp_10.png Graphic file (type png)
<use plots/size_comp_10.png>
Package pdftex.def Info: plots/size_comp_10.png  used on input line 1609.
(pdftex.def)             Requested size: 469.75385pt x 469.75385pt.


[40 <./plots/size_comp_10.png>]
<plots/size_comp_12.png, id=401, 578.16pt x 578.16pt>
File: plots/size_comp_12.png Graphic file (type png)
<use plots/size_comp_12.png>
Package pdftex.def Info: plots/size_comp_12.png  used on input line 1615.
(pdftex.def)             Requested size: 469.75385pt x 469.75385pt.


[41 <./plots/size_comp_12.png>]
<plots/size_comp_11.png, id=407, 578.16pt x 578.16pt>
File: plots/size_comp_11.png Graphic file (type png)
<use plots/size_comp_11.png>
Package pdftex.def Info: plots/size_comp_11.png  used on input line 1621.
(pdftex.def)             Requested size: 469.75385pt x 469.75385pt.


[42 <./plots/size_comp_11.png>]
<plots/size_comp_13.png, id=414, 578.16pt x 578.16pt>
File: plots/size_comp_13.png Graphic file (type png)
<use plots/size_comp_13.png>
Package pdftex.def Info: plots/size_comp_13.png  used on input line 1627.
(pdftex.def)             Requested size: 469.75385pt x 469.75385pt.


[43 <./plots/size_comp_13.png>]
<SAFE_snow_gmacs_files/figure-latex/unnamed-chunk-29-1.pdf, id=421, 433.62pt x 289.08pt>
File: SAFE_snow_gmacs_files/figure-latex/unnamed-chunk-29-1.pdf Graphic file (type pdf)
<use SAFE_snow_gmacs_files/figure-latex/unnamed-chunk-29-1.pdf>
Package pdftex.def Info: SAFE_snow_gmacs_files/figure-latex/unnamed-chunk-29-1.pdf  used on input line 1633.
(pdftex.def)             Requested size: 433.63878pt x 289.09251pt.


[44 <./SAFE_snow_gmacs_files/figure-latex/unnamed-chunk-29-1.pdf>]
<SAFE_snow_gmacs_files/figure-latex/unnamed-chunk-30-1.pdf, id=434, 505.89pt x 722.7pt>
File: SAFE_snow_gmacs_files/figure-latex/unnamed-chunk-30-1.pdf Graphic file (type pdf)
<use SAFE_snow_gmacs_files/figure-latex/unnamed-chunk-30-1.pdf>
Package pdftex.def Info: SAFE_snow_gmacs_files/figure-latex/unnamed-chunk-30-1.pdf  used on input line 1640.
(pdftex.def)             Requested size: 455.3045pt x 650.43501pt.

LaTeX Warning: Float too large for page by 35.94943pt on input line 1645.

<SAFE_snow_gmacs_files/figure-latex/unnamed-chunk-31-1.pdf, id=435, 578.16pt x 578.16pt>
File: SAFE_snow_gmacs_files/figure-latex/unnamed-chunk-31-1.pdf Graphic file (type pdf)
<use SAFE_snow_gmacs_files/figure-latex/unnamed-chunk-31-1.pdf>
Package pdftex.def Info: SAFE_snow_gmacs_files/figure-latex/unnamed-chunk-31-1.pdf  used on input line 1651.
(pdftex.def)             Requested size: 469.75385pt x 469.75385pt.
<SAFE_snow_gmacs_files/figure-latex/unnamed-chunk-32-1.pdf, id=436, 578.16pt x 722.7pt>
File: SAFE_snow_gmacs_files/figure-latex/unnamed-chunk-32-1.pdf Graphic file (type pdf)
<use SAFE_snow_gmacs_files/figure-latex/unnamed-chunk-32-1.pdf>
Package pdftex.def Info: SAFE_snow_gmacs_files/figure-latex/unnamed-chunk-32-1.pdf  used on input line 1660.
(pdftex.def)             Requested size: 469.75385pt x 587.1923pt.
<SAFE_snow_gmacs_files/figure-latex/unnamed-chunk-33-1.pdf, id=437, 578.16pt x 722.7pt>
File: SAFE_snow_gmacs_files/figure-latex/unnamed-chunk-33-1.pdf Graphic file (type pdf)
<use SAFE_snow_gmacs_files/figure-latex/unnamed-chunk-33-1.pdf>
Package pdftex.def Info: SAFE_snow_gmacs_files/figure-latex/unnamed-chunk-33-1.pdf  used on input line 1669.
(pdftex.def)             Requested size: 469.75385pt x 587.1923pt.
<SAFE_snow_gmacs_files/figure-latex/unnamed-chunk-34-1.pdf, id=438, 578.16pt x 722.7pt>
File: SAFE_snow_gmacs_files/figure-latex/unnamed-chunk-34-1.pdf Graphic file (type pdf)
<use SAFE_snow_gmacs_files/figure-latex/unnamed-chunk-34-1.pdf>
Package pdftex.def Info: SAFE_snow_gmacs_files/figure-latex/unnamed-chunk-34-1.pdf  used on input line 1678.
(pdftex.def)             Requested size: 469.75385pt x 587.1923pt.
<SAFE_snow_gmacs_files/figure-latex/unnamed-chunk-35-1.pdf, id=439, 578.16pt x 722.7pt>
File: SAFE_snow_gmacs_files/figure-latex/unnamed-chunk-35-1.pdf Graphic file (type pdf)
<use SAFE_snow_gmacs_files/figure-latex/unnamed-chunk-35-1.pdf>
Package pdftex.def Info: SAFE_snow_gmacs_files/figure-latex/unnamed-chunk-35-1.pdf  used on input line 1687.
(pdftex.def)             Requested size: 469.75385pt x 587.1923pt.
<SAFE_snow_gmacs_files/figure-latex/unnamed-chunk-36-1.pdf, id=440, 578.16pt x 578.16pt>
File: SAFE_snow_gmacs_files/figure-latex/unnamed-chunk-36-1.pdf Graphic file (type pdf)
<use SAFE_snow_gmacs_files/figure-latex/unnamed-chunk-36-1.pdf>
Package pdftex.def Info: SAFE_snow_gmacs_files/figure-latex/unnamed-chunk-36-1.pdf  used on input line 1697.
(pdftex.def)             Requested size: 469.75385pt x 469.75385pt.


[45 <./SAFE_snow_gmacs_files/figure-latex/unnamed-chunk-30-1.pdf>]

[46 <./SAFE_snow_gmacs_files/figure-latex/unnamed-chunk-31-1.pdf>]

[47 <./SAFE_snow_gmacs_files/figure-latex/unnamed-chunk-32-1.pdf>]

[48 <./SAFE_snow_gmacs_files/figure-latex/unnamed-chunk-33-1.pdf>]

[49 <./SAFE_snow_gmacs_files/figure-latex/unnamed-chunk-34-1.pdf>]

[50 <./SAFE_snow_gmacs_files/figure-latex/unnamed-chunk-35-1.pdf>]

[51 <./SAFE_snow_gmacs_files/figure-latex/unnamed-chunk-36-1.pdf>] (./SAFE_snow_gmacs.aux)
 ***********
LaTeX2e <2025-06-01> patch level 1
L3 programming layer <2025-08-13>
 ***********

LaTeX Warning: There were undefined references.

 ) 
Here is how much of TeX's memory you used:
 12645 strings out of 469780
 204229 string characters out of 5479743
 694795 words of memory out of 5000000
 40691 multiletter control sequences out of 15000+600000
 683998 words of font info for 82 fonts, out of 8000000 for 9000
 14 hyphenation exceptions out of 8191
 89i,9n,93p,725b,589s stack positions out of 10000i,1000n,20000p,200000b,200000s
<c:/Users/cody.szuwalski/AppData/Roaming/TinyTeX/texmf-dist/fonts/type1/public/lm/lmbx10.pfb><c:/Users/cody.szuwalski/AppData/Roaming/TinyTeX/texmf-dist/fonts/type1/public/lm/lmbx12.pfb><c:/Users/cody.szuwalski/AppData/Roaming/TinyTeX/texmf-dist/fonts/type1/public/lm/lmex10.pfb><c:/Users/cody.szuwalski/AppData/Roaming/TinyTeX/texmf-dist/fonts/type1/public/lm/lmmi10.pfb><c:/Users/cody.szuwalski/AppData/Roaming/TinyTeX/texmf-dist/fonts/type1/public/lm/lmmi5.pfb><c:/Users/cody.szuwalski/AppData/Roaming/TinyTeX/texmf-dist/fonts/type1/public/lm/lmmi7.pfb><c:/Users/cody.szuwalski/AppData/Roaming/TinyTeX/texmf-dist/fonts/type1/public/lm/lmr10.pfb><c:/Users/cody.szuwalski/AppData/Roaming/TinyTeX/texmf-dist/fonts/type1/public/lm/lmr12.pfb><c:/Users/cody.szuwalski/AppData/Roaming/TinyTeX/texmf-dist/fonts/type1/public/lm/lmr17.pfb><c:/Users/cody.szuwalski/AppData/Roaming/TinyTeX/texmf-dist/fonts/type1/public/lm/lmr5.pfb><c:/Users/cody.szuwalski/AppData/Roaming/TinyTeX/texmf-dist/fonts/type1/public/lm/lmr7.pfb><c:/Users/cody.szuwalski/AppData/Roaming/TinyTeX/texmf-dist/fonts/type1/public/lm/lmri10.pfb><c:/Users/cody.szuwalski/AppData/Roaming/TinyTeX/texmf-dist/fonts/type1/public/lm/lmri7.pfb><c:/Users/cody.szuwalski/AppData/Roaming/TinyTeX/texmf-dist/fonts/type1/public/lm/lmsy10.pfb><c:/Users/cody.szuwalski/AppData/Roaming/TinyTeX/texmf-dist/fonts/type1/public/lm/lmsy7.pfb>
Output written on SAFE_snow_gmacs.pdf (51 pages, 1349120 bytes).
PDF statistics:
 691 PDF objects out of 1000 (max. 8388607)
 551 compressed objects within 6 object streams
 131 named destinations out of 1000 (max. 500000)
 297 words of extra memory for PDF output out of 10000 (max. 10000000)

